[debug] [2017-06-20T21:51:49.611Z] ----------------------------------------------------------------------
[debug] [2017-06-20T21:51:49.614Z] Command:      /Users/johannbillar/.nvm/versions/node/v7.7.2/bin/node /Users/johannbillar/.nvm/versions/node/v7.7.2/bin/firebase serve --only functions,hosting
[debug] [2017-06-20T21:51:49.615Z] CLI Version:  3.9.1
[debug] [2017-06-20T21:51:49.615Z] Platform:     darwin
[debug] [2017-06-20T21:51:49.615Z] Node Version: v7.7.2
[debug] [2017-06-20T21:51:49.616Z] Time:         Tue Jun 20 2017 14:51:49 GMT-0700 (PDT)
[debug] [2017-06-20T21:51:49.616Z] ----------------------------------------------------------------------
[debug] 
[debug] [2017-06-20T21:51:49.636Z] > command requires scopes: ["email","openid","https://www.googleapis.com/auth/cloudplatformprojects.readonly","https://www.googleapis.com/auth/firebase","https://www.googleapis.com/auth/cloud-platform"]
[debug] [2017-06-20T21:51:49.636Z] > authorizing via signed-in user
[debug] [2017-06-20T21:51:49.640Z] >>> HTTP REQUEST GET https://admin.firebase.com/v1/projects/dowhop-lifecycle  
 Tue Jun 20 2017 14:51:49 GMT-0700 (PDT)
[debug] [2017-06-20T21:51:50.363Z] <<< HTTP RESPONSE 200
[debug] [2017-06-20T21:51:50.364Z] >>> HTTP REQUEST GET https://admin.firebase.com/v1/database/dowhop-lifecycle/tokens  
 Tue Jun 20 2017 14:51:50 GMT-0700 (PDT)
[debug] [2017-06-20T21:51:50.739Z] <<< HTTP RESPONSE 200
[info] 
[info] === Serving from '/Users/johannbillar/Dropbox/clients/DoWhop/master-branch/dowhop-lifecycle'...
[info] 
[info] i  functions: Preparing to emulate HTTPS functions. Support for other event types coming soon.
[debug] [2017-06-20T21:51:51.688Z] >>> HTTP REQUEST GET https://appengine.googleapis.com/v1/apps/dowhop-lifecycle  
 Tue Jun 20 2017 14:51:51 GMT-0700 (PDT)
[debug] [2017-06-20T21:51:51.690Z] >>> HTTP REQUEST GET https://apikeys.googleapis.com/v1/projects/dowhop-lifecycle/apiKeys  
 Tue Jun 20 2017 14:51:51 GMT-0700 (PDT)
[debug] [2017-06-20T21:51:51.690Z] >>> HTTP REQUEST GET https://cloudresourcemanager.googleapis.com/v1/projects/dowhop-lifecycle  
 Tue Jun 20 2017 14:51:51 GMT-0700 (PDT)
[debug] [2017-06-20T21:51:52.027Z] <<< HTTP RESPONSE 200
[debug] [2017-06-20T21:51:52.144Z] <<< HTTP RESPONSE 200
[debug] [2017-06-20T21:51:52.145Z] >>> HTTP REQUEST GET https://mobilesdk-pa.googleapis.com/v1/projects/1090371045772/clients/_:getWebAppConfig  
 Tue Jun 20 2017 14:51:52 GMT-0700 (PDT)
[debug] [2017-06-20T21:51:52.155Z] <<< HTTP RESPONSE 200
[debug] [2017-06-20T21:51:52.697Z] <<< HTTP RESPONSE 200
[info] i  hosting: Serving hosting files from: ./
[info] ✔  hosting: Local server: http://localhost:5000

[info] i  functions: No HTTPS functions emulated. Support for other function types are coming soon.
